Determining if the pthread_create exist failed with the following output:
Change Dir: /mnt/storage_disk/MMRS_public/build/catkin_tools_prebuild/CMakeFiles/CMakeTmp

Run Build Command:"/usr/bin/make" "cmTC_249e8/fast"
/usr/bin/make -f CMakeFiles/cmTC_249e8.dir/build.make CMakeFiles/cmTC_249e8.dir/build
make[1]: se entra en el directorio '/mnt/storage_disk/MMRS_public/build/catkin_tools_prebuild/CMakeFiles/CMakeTmp'
Building C object CMakeFiles/cmTC_249e8.dir/CheckSymbolExists.c.o
/usr/bin/cc    -o CMakeFiles/cmTC_249e8.dir/CheckSymbolExists.c.o   -c /mnt/storage_disk/MMRS_public/build/catkin_tools_prebuild/CMakeFiles/CMakeTmp/CheckSymbolExists.c
Linking C executable cmTC_249e8
/usr/bin/cmake -E cmake_link_script CMakeFiles/cmTC_249e8.dir/link.txt --verbose=1
/usr/bin/cc      -rdynamic CMakeFiles/cmTC_249e8.dir/CheckSymbolExists.c.o  -o cmTC_249e8 
CMakeFiles/cmTC_249e8.dir/CheckSymbolExists.c.o: En la función `main':
CheckSymbolExists.c:(.text+0x1b): referencia a `pthread_create' sin definir
collect2: error: ld returned 1 exit status
CMakeFiles/cmTC_249e8.dir/build.make:97: fallo en las instrucciones para el objetivo 'cmTC_249e8'
make[1]: *** [cmTC_249e8] Error 1
make[1]: se sale del directorio '/mnt/storage_disk/MMRS_public/build/catkin_tools_prebuild/CMakeFiles/CMakeTmp'
Makefile:126: fallo en las instrucciones para el objetivo 'cmTC_249e8/fast'
make: *** [cmTC_249e8/fast] Error 2

File /mnt/storage_disk/MMRS_public/build/catkin_tools_prebuild/CMakeFiles/CMakeTmp/CheckSymbolExists.c:
/* */
#include <pthread.h>

int main(int argc, char** argv)
{
  (void)argv;
#ifndef pthread_create
  return ((int*)(&pthread_create))[argc];
#else
  (void)argc;
  return 0;
#endif
}

Determining if the function pthread_create exists in the pthreads failed with the following output:
Change Dir: /mnt/storage_disk/MMRS_public/build/catkin_tools_prebuild/CMakeFiles/CMakeTmp

Run Build Command:"/usr/bin/make" "cmTC_fe08d/fast"
/usr/bin/make -f CMakeFiles/cmTC_fe08d.dir/build.make CMakeFiles/cmTC_fe08d.dir/build
make[1]: se entra en el directorio '/mnt/storage_disk/MMRS_public/build/catkin_tools_prebuild/CMakeFiles/CMakeTmp'
Building C object CMakeFiles/cmTC_fe08d.dir/CheckFunctionExists.c.o
/usr/bin/cc   -DCHECK_FUNCTION_EXISTS=pthread_create   -o CMakeFiles/cmTC_fe08d.dir/CheckFunctionExists.c.o   -c /usr/share/cmake-3.10/Modules/CheckFunctionExists.c
Linking C executable cmTC_fe08d
/usr/bin/cmake -E cmake_link_script CMakeFiles/cmTC_fe08d.dir/link.txt --verbose=1
/usr/bin/cc  -DCHECK_FUNCTION_EXISTS=pthread_create    -rdynamic CMakeFiles/cmTC_fe08d.dir/CheckFunctionExists.c.o  -o cmTC_fe08d -lpthreads 
/usr/bin/ld: no se puede encontrar -lpthreads
collect2: error: ld returned 1 exit status
CMakeFiles/cmTC_fe08d.dir/build.make:97: fallo en las instrucciones para el objetivo 'cmTC_fe08d'
make[1]: *** [cmTC_fe08d] Error 1
make[1]: se sale del directorio '/mnt/storage_disk/MMRS_public/build/catkin_tools_prebuild/CMakeFiles/CMakeTmp'
Makefile:126: fallo en las instrucciones para el objetivo 'cmTC_fe08d/fast'
make: *** [cmTC_fe08d/fast] Error 2


